error:  cannot delete old /var/www/vhosts/cloudserviceworld.com/projects/SWxsdXNpb25tZWRpYQ==_1616580239/ftp_server/SWxsdXNpb25tZWRpYSBUZXN0_1616850323_9/temp/restore_folder_U1d4c2RYTnBiMjV0WldScFlTQlVaWE4wXzE2MTY4NTAzMjNfOQ==_1623460184/syncbackup/media/editors/codemirror/addon/wrap/hardwrap.js
        No such file or directory
error:  cannot delete old /var/www/vhosts/cloudserviceworld.com/projects/SWxsdXNpb25tZWRpYQ==_1616580239/ftp_server/SWxsdXNpb25tZWRpYSBUZXN0_1616850323_9/temp/restore_folder_U1d4c2RYTnBiMjV0WldScFlTQlVaWE4wXzE2MTY4NTAzMjNfOQ==_1623460184/syncbackup/media/editors/codemirror/addon/wrap/hardwrap.js
        No such file or directory
error:  cannot delete old /var/www/vhosts/cloudserviceworld.com/projects/SWxsdXNpb25tZWRpYQ==_1616580239/ftp_server/SWxsdXNpb25tZWRpYSBUZXN0_1616850323_9/temp/restore_folder_U1d4c2RYTnBiMjV0WldScFlTQlVaWE4wXzE2MTY4NTAzMjNfOQ==_1623460184/syncbackup/media/editors/codemirror/addon/wrap/hardwrap.js
        No such file or directory
error:  cannot delete old /var/www/vhosts/cloudserviceworld.com/projects/SWxsdXNpb25tZWRpYQ==_1616580239/ftp_server/SWxsdXNpb25tZWRpYSBUZXN0_1616850323_9/temp/restore_folder_U1d4c2RYTnBiMjV0WldScFlTQlVaWE4wXzE2MTY4NTAzMjNfOQ==_1623460184/syncbackup/media/editors/codemirror/addon/wrap/hardwrap.min.js
        No such file or directory
error:  cannot delete old /var/www/vhosts/cloudserviceworld.com/projects/SWxsdXNpb25tZWRpYQ==_1616580239/ftp_server/SWxsdXNpb25tZWRpYSBUZXN0_1616850323_9/temp/restore_folder_U1d4c2RYTnBiMjV0WldScFlTQlVaWE4wXzE2MTY4NTAzMjNfOQ==_1623460184/syncbackup/media/editors/codemirror/addon/lint/html-lint.js
        No such file or directory
error:  cannot delete old /var/www/vhosts/cloudserviceworld.com/projects/SWxsdXNpb25tZWRpYQ==_1616580239/ftp_server/SWxsdXNpb25tZWRpYSBUZXN0_1616850323_9/temp/restore_folder_U1d4c2RYTnBiMjV0WldScFlTQlVaWE4wXzE2MTY4NTAzMjNfOQ==_1623460184/syncbackup/media/editors/codemirror/addon/lint/html-lint.js
        No such file or directory
error:  cannot delete old /var/www/vhosts/cloudserviceworld.com/projects/SWxsdXNpb25tZWRpYQ==_1616580239/ftp_server/SWxsdXNpb25tZWRpYSBUZXN0_1616850323_9/temp/restore_folder_U1d4c2RYTnBiMjV0WldScFlTQlVaWE4wXzE2MTY4NTAzMjNfOQ==_1623460184/syncbackup/media/editors/codemirror/addon/lint/lint.css
        No such file or directory
error:  cannot delete old /var/www/vhosts/cloudserviceworld.com/projects/SWxsdXNpb25tZWRpYQ==_1616580239/ftp_server/SWxsdXNpb25tZWRpYSBUZXN0_1616850323_9/temp/restore_folder_U1d4c2RYTnBiMjV0WldScFlTQlVaWE4wXzE2MTY4NTAzMjNfOQ==_1623460184/syncbackup/media/editors/codemirror/addon/lint/lint.css
        No such file or directory
error:  cannot delete old /var/www/vhosts/cloudserviceworld.com/projects/SWxsdXNpb25tZWRpYQ==_1616580239/ftp_server/SWxsdXNpb25tZWRpYSBUZXN0_1616850323_9/temp/restore_folder_U1d4c2RYTnBiMjV0WldScFlTQlVaWE4wXzE2MTY4NTAzMjNfOQ==_1623460184/syncbackup/media/editors/codemirror/addon/lint/lint.min.js
        No such file or directory
error:  cannot delete old /var/www/vhosts/cloudserviceworld.com/projects/SWxsdXNpb25tZWRpYQ==_1616580239/ftp_server/SWxsdXNpb25tZWRpYSBUZXN0_1616850323_9/temp/restore_folder_U1d4c2RYTnBiMjV0WldScFlTQlVaWE4wXzE2MTY4NTAzMjNfOQ==_1623460184/syncbackup/media/editors/codemirror/addon/lint/json-lint.js
        No such file or directory
error:  cannot delete old /var/www/vhosts/cloudserviceworld.com/projects/SWxsdXNpb25tZWRpYQ==_1616580239/ftp_server/SWxsdXNpb25tZWRpYSBUZXN0_1616850323_9/temp/restore_folder_U1d4c2RYTnBiMjV0WldScFlTQlVaWE4wXzE2MTY4NTAzMjNfOQ==_1623460184/syncbackup/media/editors/codemirror/addon/lint/css-lint.js
        No such file or directory
error:  cannot delete old /var/www/vhosts/cloudserviceworld.com/projects/SWxsdXNpb25tZWRpYQ==_1616580239/ftp_server/SWxsdXNpb25tZWRpYSBUZXN0_1616850323_9/temp/restore_folder_U1d4c2RYTnBiMjV0WldScFlTQlVaWE4wXzE2MTY4NTAzMjNfOQ==_1623460184/syncbackup/media/editors/codemirror/addon/lint/css-lint.js
        No such file or directory
